2024-06-14 16:07:04,464:WARNING:
'cuml' is a soft dependency and not included in the pycaret installation. Please run: `pip install cuml` to install.
2024-06-14 16:07:04,464:WARNING:
'cuml' is a soft dependency and not included in the pycaret installation. Please run: `pip install cuml` to install.
2024-06-14 16:07:04,464:WARNING:
'cuml' is a soft dependency and not included in the pycaret installation. Please run: `pip install cuml` to install.
2024-06-14 16:07:04,465:WARNING:
'cuml' is a soft dependency and not included in the pycaret installation. Please run: `pip install cuml` to install.
2024-06-14 16:07:28,945:WARNING:<ipython-input-23-9dfe93c08e7d>:3: UserWarning: 

`distplot` is a deprecated function and will be removed in seaborn v0.14.0.

Please adapt your code to use either `displot` (a figure-level function with
similar flexibility) or `histplot` (an axes-level function for histograms).

For a guide to updating your code to use the new functions, please see
https://gist.github.com/mwaskom/de44147ed2974457ad6372750bbe5751

  sns.distplot(df[feature])

2024-06-14 16:07:38,861:WARNING:<ipython-input-23-9dfe93c08e7d>:3: UserWarning: 

`distplot` is a deprecated function and will be removed in seaborn v0.14.0.

Please adapt your code to use either `displot` (a figure-level function with
similar flexibility) or `histplot` (an axes-level function for histograms).

For a guide to updating your code to use the new functions, please see
https://gist.github.com/mwaskom/de44147ed2974457ad6372750bbe5751

  sns.distplot(df[feature])

2024-06-14 16:07:42,371:WARNING:<ipython-input-23-9dfe93c08e7d>:3: UserWarning: 

`distplot` is a deprecated function and will be removed in seaborn v0.14.0.

Please adapt your code to use either `displot` (a figure-level function with
similar flexibility) or `histplot` (an axes-level function for histograms).

For a guide to updating your code to use the new functions, please see
https://gist.github.com/mwaskom/de44147ed2974457ad6372750bbe5751

  sns.distplot(df[feature])

2024-06-14 16:07:46,092:WARNING:<ipython-input-23-9dfe93c08e7d>:3: UserWarning: 

`distplot` is a deprecated function and will be removed in seaborn v0.14.0.

Please adapt your code to use either `displot` (a figure-level function with
similar flexibility) or `histplot` (an axes-level function for histograms).

For a guide to updating your code to use the new functions, please see
https://gist.github.com/mwaskom/de44147ed2974457ad6372750bbe5751

  sns.distplot(df[feature])

2024-06-14 16:07:48,101:WARNING:<ipython-input-23-9dfe93c08e7d>:3: UserWarning: 

`distplot` is a deprecated function and will be removed in seaborn v0.14.0.

Please adapt your code to use either `displot` (a figure-level function with
similar flexibility) or `histplot` (an axes-level function for histograms).

For a guide to updating your code to use the new functions, please see
https://gist.github.com/mwaskom/de44147ed2974457ad6372750bbe5751

  sns.distplot(df[feature])

2024-06-14 16:07:49,921:WARNING:<ipython-input-23-9dfe93c08e7d>:3: UserWarning: 

`distplot` is a deprecated function and will be removed in seaborn v0.14.0.

Please adapt your code to use either `displot` (a figure-level function with
similar flexibility) or `histplot` (an axes-level function for histograms).

For a guide to updating your code to use the new functions, please see
https://gist.github.com/mwaskom/de44147ed2974457ad6372750bbe5751

  sns.distplot(df[feature])

2024-06-14 16:07:51,734:WARNING:<ipython-input-23-9dfe93c08e7d>:3: UserWarning: 

`distplot` is a deprecated function and will be removed in seaborn v0.14.0.

Please adapt your code to use either `displot` (a figure-level function with
similar flexibility) or `histplot` (an axes-level function for histograms).

For a guide to updating your code to use the new functions, please see
https://gist.github.com/mwaskom/de44147ed2974457ad6372750bbe5751

  sns.distplot(df[feature])

2024-06-14 16:07:53,693:WARNING:<ipython-input-23-9dfe93c08e7d>:3: UserWarning: 

`distplot` is a deprecated function and will be removed in seaborn v0.14.0.

Please adapt your code to use either `displot` (a figure-level function with
similar flexibility) or `histplot` (an axes-level function for histograms).

For a guide to updating your code to use the new functions, please see
https://gist.github.com/mwaskom/de44147ed2974457ad6372750bbe5751

  sns.distplot(df[feature])

2024-06-14 16:07:57,171:WARNING:<ipython-input-23-9dfe93c08e7d>:3: UserWarning: 

`distplot` is a deprecated function and will be removed in seaborn v0.14.0.

Please adapt your code to use either `displot` (a figure-level function with
similar flexibility) or `histplot` (an axes-level function for histograms).

For a guide to updating your code to use the new functions, please see
https://gist.github.com/mwaskom/de44147ed2974457ad6372750bbe5751

  sns.distplot(df[feature])

2024-06-14 16:07:59,441:WARNING:<ipython-input-23-9dfe93c08e7d>:3: UserWarning: 

`distplot` is a deprecated function and will be removed in seaborn v0.14.0.

Please adapt your code to use either `displot` (a figure-level function with
similar flexibility) or `histplot` (an axes-level function for histograms).

For a guide to updating your code to use the new functions, please see
https://gist.github.com/mwaskom/de44147ed2974457ad6372750bbe5751

  sns.distplot(df[feature])

2024-06-14 16:08:00,481:WARNING:<ipython-input-23-9dfe93c08e7d>:3: UserWarning: 

`distplot` is a deprecated function and will be removed in seaborn v0.14.0.

Please adapt your code to use either `displot` (a figure-level function with
similar flexibility) or `histplot` (an axes-level function for histograms).

For a guide to updating your code to use the new functions, please see
https://gist.github.com/mwaskom/de44147ed2974457ad6372750bbe5751

  sns.distplot(df[feature])

2024-06-14 16:10:15,869:INFO:PyCaret ClassificationExperiment
2024-06-14 16:10:15,869:INFO:Logging name: clf-default-name
2024-06-14 16:10:15,870:INFO:ML Usecase: MLUsecase.CLASSIFICATION
2024-06-14 16:10:15,870:INFO:version 3.3.2
2024-06-14 16:10:15,870:INFO:Initializing setup()
2024-06-14 16:10:15,870:INFO:self.USI: 2e95
2024-06-14 16:10:15,870:INFO:self._variable_keys: {'USI', '_available_plots', 'gpu_n_jobs_param', 'exp_id', 'exp_name_log', 'target_param', 'is_multiclass', 'pipeline', 'fold_shuffle_param', 'y_train', 'logging_param', 'fix_imbalance', 'memory', 'y', 'gpu_param', 'fold_generator', 'log_plots_param', 'seed', 'X_test', 'fold_groups_param', '_ml_usecase', 'y_test', 'html_param', 'X_train', 'data', 'idx', 'n_jobs_param', 'X'}
2024-06-14 16:10:15,870:INFO:Checking environment
2024-06-14 16:10:15,870:INFO:python_version: 3.10.12
2024-06-14 16:10:15,870:INFO:python_build: ('main', 'Nov 20 2023 15:14:05')
2024-06-14 16:10:15,870:INFO:machine: x86_64
2024-06-14 16:10:15,870:INFO:platform: Linux-6.1.85+-x86_64-with-glibc2.35
2024-06-14 16:10:15,870:INFO:Memory: svmem(total=13609435136, available=11463888896, percent=15.8, used=1807122432, free=6870667264, active=867532800, inactive=5494444032, buffers=384507904, cached=4547137536, shared=5066752, slab=252231680)
2024-06-14 16:10:15,871:INFO:Physical Core: 1
2024-06-14 16:10:15,871:INFO:Logical Core: 2
2024-06-14 16:10:15,871:INFO:Checking libraries
2024-06-14 16:10:15,871:INFO:System:
2024-06-14 16:10:15,871:INFO:    python: 3.10.12 (main, Nov 20 2023, 15:14:05) [GCC 11.4.0]
2024-06-14 16:10:15,871:INFO:executable: /usr/bin/python3
2024-06-14 16:10:15,871:INFO:   machine: Linux-6.1.85+-x86_64-with-glibc2.35
2024-06-14 16:10:15,871:INFO:PyCaret required dependencies:
2024-06-14 16:10:16,945:INFO:                 pip: 23.1.2
2024-06-14 16:10:16,945:INFO:          setuptools: 67.7.2
2024-06-14 16:10:16,945:INFO:             pycaret: 3.3.2
2024-06-14 16:10:16,945:INFO:             IPython: 7.34.0
2024-06-14 16:10:16,945:INFO:          ipywidgets: 7.7.1
2024-06-14 16:10:16,945:INFO:                tqdm: 4.66.4
2024-06-14 16:10:16,946:INFO:               numpy: 1.25.2
2024-06-14 16:10:16,946:INFO:              pandas: 2.0.3
2024-06-14 16:10:16,946:INFO:              jinja2: 3.1.4
2024-06-14 16:10:16,946:INFO:               scipy: 1.11.4
2024-06-14 16:10:16,946:INFO:              joblib: 1.3.2
2024-06-14 16:10:16,946:INFO:             sklearn: 1.4.2
2024-06-14 16:10:16,946:INFO:                pyod: 2.0.0
2024-06-14 16:10:16,946:INFO:            imblearn: 0.12.3
2024-06-14 16:10:16,946:INFO:   category_encoders: 2.6.3
2024-06-14 16:10:16,946:INFO:            lightgbm: 4.1.0
2024-06-14 16:10:16,946:INFO:               numba: 0.58.1
2024-06-14 16:10:16,946:INFO:            requests: 2.31.0
2024-06-14 16:10:16,946:INFO:          matplotlib: 3.7.1
2024-06-14 16:10:16,946:INFO:          scikitplot: 0.3.7
2024-06-14 16:10:16,946:INFO:         yellowbrick: 1.5
2024-06-14 16:10:16,946:INFO:              plotly: 5.15.0
2024-06-14 16:10:16,946:INFO:    plotly-resampler: Not installed
2024-06-14 16:10:16,946:INFO:             kaleido: 0.2.1
2024-06-14 16:10:16,946:INFO:           schemdraw: 0.15
2024-06-14 16:10:16,946:INFO:         statsmodels: 0.14.2
2024-06-14 16:10:16,946:INFO:              sktime: 0.26.0
2024-06-14 16:10:16,946:INFO:               tbats: 1.1.3
2024-06-14 16:10:16,947:INFO:            pmdarima: 2.0.4
2024-06-14 16:10:16,947:INFO:              psutil: 5.9.5
2024-06-14 16:10:16,947:INFO:          markupsafe: 2.1.5
2024-06-14 16:10:16,947:INFO:             pickle5: Not installed
2024-06-14 16:10:16,947:INFO:         cloudpickle: 2.2.1
2024-06-14 16:10:16,947:INFO:         deprecation: 2.1.0
2024-06-14 16:10:16,947:INFO:              xxhash: 3.4.1
2024-06-14 16:10:16,947:INFO:           wurlitzer: 3.1.1
2024-06-14 16:10:16,947:INFO:PyCaret optional dependencies:
2024-06-14 16:10:17,003:INFO:                shap: Not installed
2024-06-14 16:10:17,004:INFO:           interpret: Not installed
2024-06-14 16:10:17,004:INFO:                umap: Not installed
2024-06-14 16:10:17,004:INFO:     ydata_profiling: Not installed
2024-06-14 16:10:17,004:INFO:  explainerdashboard: Not installed
2024-06-14 16:10:17,004:INFO:             autoviz: Not installed
2024-06-14 16:10:17,004:INFO:           fairlearn: Not installed
2024-06-14 16:10:17,004:INFO:          deepchecks: Not installed
2024-06-14 16:10:17,004:INFO:             xgboost: 2.0.3
2024-06-14 16:10:17,004:INFO:            catboost: Not installed
2024-06-14 16:10:17,004:INFO:              kmodes: Not installed
2024-06-14 16:10:17,004:INFO:             mlxtend: 0.22.0
2024-06-14 16:10:17,004:INFO:       statsforecast: Not installed
2024-06-14 16:10:17,004:INFO:        tune_sklearn: Not installed
2024-06-14 16:10:17,004:INFO:                 ray: Not installed
2024-06-14 16:10:17,004:INFO:            hyperopt: 0.2.7
2024-06-14 16:10:17,004:INFO:              optuna: Not installed
2024-06-14 16:10:17,004:INFO:               skopt: Not installed
2024-06-14 16:10:17,004:INFO:              mlflow: Not installed
2024-06-14 16:10:17,005:INFO:              gradio: Not installed
2024-06-14 16:10:17,005:INFO:             fastapi: Not installed
2024-06-14 16:10:17,005:INFO:             uvicorn: Not installed
2024-06-14 16:10:17,005:INFO:              m2cgen: Not installed
2024-06-14 16:10:17,005:INFO:           evidently: Not installed
2024-06-14 16:10:17,005:INFO:               fugue: Not installed
2024-06-14 16:10:17,005:INFO:           streamlit: Not installed
2024-06-14 16:10:17,005:INFO:             prophet: 1.1.5
2024-06-14 16:10:17,005:INFO:None
2024-06-14 16:10:17,005:INFO:Set up data.
2024-06-14 16:10:17,120:INFO:Set up folding strategy.
2024-06-14 16:10:17,120:INFO:Set up train/test split.
2024-06-14 16:10:17,299:INFO:Set up index.
2024-06-14 16:10:17,305:INFO:Assigning column types.
2024-06-14 16:10:17,393:INFO:Engine successfully changes for model 'lr' to 'sklearn'.
2024-06-14 16:10:17,444:INFO:Engine for model 'knn' has not been set explicitly, hence returning None.
2024-06-14 16:10:17,445:INFO:Engine for model 'rbfsvm' has not been set explicitly, hence returning None.
2024-06-14 16:10:17,483:INFO:Soft dependency imported: xgboost: 2.0.3
2024-06-14 16:10:17,486:WARNING:
'catboost' is a soft dependency and not included in the pycaret installation. Please run: `pip install catboost` to install.
Alternately, you can install this by running `pip install pycaret[models]`
2024-06-14 16:10:17,541:INFO:Engine for model 'knn' has not been set explicitly, hence returning None.
2024-06-14 16:10:17,543:INFO:Engine for model 'rbfsvm' has not been set explicitly, hence returning None.
2024-06-14 16:10:17,579:INFO:Soft dependency imported: xgboost: 2.0.3
2024-06-14 16:10:17,582:WARNING:
'catboost' is a soft dependency and not included in the pycaret installation. Please run: `pip install catboost` to install.
Alternately, you can install this by running `pip install pycaret[models]`
2024-06-14 16:10:17,582:INFO:Engine successfully changes for model 'knn' to 'sklearn'.
2024-06-14 16:10:17,638:INFO:Engine for model 'rbfsvm' has not been set explicitly, hence returning None.
2024-06-14 16:10:17,670:INFO:Soft dependency imported: xgboost: 2.0.3
2024-06-14 16:10:17,674:WARNING:
'catboost' is a soft dependency and not included in the pycaret installation. Please run: `pip install catboost` to install.
Alternately, you can install this by running `pip install pycaret[models]`
2024-06-14 16:10:17,733:INFO:Engine for model 'rbfsvm' has not been set explicitly, hence returning None.
2024-06-14 16:10:17,768:INFO:Soft dependency imported: xgboost: 2.0.3
2024-06-14 16:10:17,771:WARNING:
'catboost' is a soft dependency and not included in the pycaret installation. Please run: `pip install catboost` to install.
Alternately, you can install this by running `pip install pycaret[models]`
2024-06-14 16:10:17,772:INFO:Engine successfully changes for model 'rbfsvm' to 'sklearn'.
2024-06-14 16:10:17,856:INFO:Soft dependency imported: xgboost: 2.0.3
2024-06-14 16:10:17,860:WARNING:
'catboost' is a soft dependency and not included in the pycaret installation. Please run: `pip install catboost` to install.
Alternately, you can install this by running `pip install pycaret[models]`
2024-06-14 16:10:17,951:INFO:Soft dependency imported: xgboost: 2.0.3
2024-06-14 16:10:17,954:WARNING:
'catboost' is a soft dependency and not included in the pycaret installation. Please run: `pip install catboost` to install.
Alternately, you can install this by running `pip install pycaret[models]`
2024-06-14 16:10:17,958:INFO:Preparing preprocessing pipeline...
2024-06-14 16:10:17,973:INFO:Set up simple imputation.
2024-06-14 16:10:18,217:INFO:Finished creating preprocessing pipeline.
2024-06-14 16:10:18,224:INFO:Pipeline: Pipeline(memory=FastMemory(location=/tmp/joblib),
         steps=[('numerical_imputer',
                 TransformerWrapper(exclude=None,
                                    include=['Location', 'MinTemp', 'MaxTemp',
                                             'Rainfall', 'Evaporation',
                                             'Sunshine', 'WindGustDir',
                                             'WindGustSpeed', 'WindDir9am',
                                             'WindDir3pm', 'WindSpeed9am',
                                             'WindSpeed3pm', 'Humidity9am',
                                             'Humidity3pm', 'Pressure9am',
                                             'Pressure3pm', 'Cloud9am',
                                             'Cloud3pm', '...
                                    transformer=SimpleImputer(add_indicator=False,
                                                              copy=True,
                                                              fill_value=None,
                                                              keep_empty_features=False,
                                                              missing_values=nan,
                                                              strategy='mean'))),
                ('categorical_imputer',
                 TransformerWrapper(exclude=None, include=[],
                                    transformer=SimpleImputer(add_indicator=False,
                                                              copy=True,
                                                              fill_value=None,
                                                              keep_empty_features=False,
                                                              missing_values=nan,
                                                              strategy='most_frequent')))],
         verbose=False)
2024-06-14 16:10:18,224:INFO:Creating final display dataframe.
2024-06-14 16:10:18,982:INFO:Setup _display_container:                     Description             Value
0                    Session id              2191
1                        Target      RainTomorrow
2                   Target type            Binary
3           Original data shape      (145460, 24)
4        Transformed data shape      (145460, 24)
5   Transformed train set shape      (101822, 24)
6    Transformed test set shape       (43638, 24)
7              Numeric features                22
8                    Preprocess              True
9               Imputation type            simple
10           Numeric imputation              mean
11       Categorical imputation              mode
12               Fold Generator   StratifiedKFold
13                  Fold Number                10
14                     CPU Jobs                -1
15                      Use GPU             False
16               Log Experiment             False
17              Experiment Name  clf-default-name
18                          USI              2e95
2024-06-14 16:10:19,098:INFO:Soft dependency imported: xgboost: 2.0.3
2024-06-14 16:10:19,102:WARNING:
'catboost' is a soft dependency and not included in the pycaret installation. Please run: `pip install catboost` to install.
Alternately, you can install this by running `pip install pycaret[models]`
2024-06-14 16:10:19,185:INFO:Soft dependency imported: xgboost: 2.0.3
2024-06-14 16:10:19,188:WARNING:
'catboost' is a soft dependency and not included in the pycaret installation. Please run: `pip install catboost` to install.
Alternately, you can install this by running `pip install pycaret[models]`
2024-06-14 16:10:19,190:INFO:setup() successfully completed in 3.33s...............
2024-06-14 16:10:19,202:INFO:Initializing compare_models()
2024-06-14 16:10:19,202:INFO:compare_models(self=<pycaret.classification.oop.ClassificationExperiment object at 0x7f74c43d40d0>, include=None, fold=None, round=4, cross_validation=True, sort=Accuracy, n_select=1, budget_time=None, turbo=True, errors=ignore, fit_kwargs=None, groups=None, experiment_custom_tags=None, probability_threshold=None, verbose=True, parallel=None, caller_params={'self': <pycaret.classification.oop.ClassificationExperiment object at 0x7f74c43d40d0>, 'include': None, 'exclude': None, 'fold': None, 'round': 4, 'cross_validation': True, 'sort': 'Accuracy', 'n_select': 1, 'budget_time': None, 'turbo': True, 'errors': 'ignore', 'fit_kwargs': None, 'groups': None, 'experiment_custom_tags': None, 'probability_threshold': None, 'engine': None, 'verbose': True, 'parallel': None, '__class__': <class 'pycaret.classification.oop.ClassificationExperiment'>}, exclude=None)
2024-06-14 16:10:19,203:INFO:Checking exceptions
2024-06-14 16:10:19,270:INFO:Preparing display monitor
2024-06-14 16:10:19,372:INFO:Initializing Logistic Regression
2024-06-14 16:10:19,373:INFO:Total runtime is 4.116694132486979e-06 minutes
2024-06-14 16:10:19,386:INFO:SubProcess create_model() called ==================================
2024-06-14 16:10:19,387:INFO:Initializing create_model()
2024-06-14 16:10:19,387:INFO:create_model(self=<pycaret.classification.oop.ClassificationExperiment object at 0x7f74c43d40d0>, estimator=lr, fold=StratifiedKFold(n_splits=10, random_state=None, shuffle=False), round=4, cross_validation=True, predict=True, fit_kwargs={}, groups=None, refit=False, probability_threshold=None, experiment_custom_tags=None, verbose=False, system=False, add_to_model_list=True, metrics=None, display=<pycaret.internal.display.display.CommonDisplay object at 0x7f74b3249fc0>, model_only=True, return_train_score=False, error_score=0.0, kwargs={})
2024-06-14 16:10:19,387:INFO:Checking exceptions
2024-06-14 16:10:19,387:INFO:Importing libraries
2024-06-14 16:10:19,387:INFO:Copying training dataset
2024-06-14 16:10:19,637:INFO:Defining folds
2024-06-14 16:10:19,637:INFO:Declaring metric variables
2024-06-14 16:10:19,651:INFO:Importing untrained model
2024-06-14 16:10:19,667:INFO:Logistic Regression Imported successfully
2024-06-14 16:10:19,696:INFO:Starting cross validation
2024-06-14 16:10:19,698:INFO:Cross validating with StratifiedKFold(n_splits=10, random_state=None, shuffle=False), n_jobs=-1
2024-06-14 16:11:11,760:WARNING:/usr/local/lib/python3.10/dist-packages/sklearn/linear_model/_logistic.py:469: ConvergenceWarning: lbfgs failed to converge (status=1):
STOP: TOTAL NO. of ITERATIONS REACHED LIMIT.

Increase the number of iterations (max_iter) or scale the data as shown in:
    https://scikit-learn.org/stable/modules/preprocessing.html
Please also refer to the documentation for alternative solver options:
    https://scikit-learn.org/stable/modules/linear_model.html#logistic-regression
  n_iter_i = _check_optimize_result(

2024-06-14 16:11:14,781:WARNING:/usr/local/lib/python3.10/dist-packages/sklearn/linear_model/_logistic.py:469: ConvergenceWarning: lbfgs failed to converge (status=1):
STOP: TOTAL NO. of ITERATIONS REACHED LIMIT.

Increase the number of iterations (max_iter) or scale the data as shown in:
    https://scikit-learn.org/stable/modules/preprocessing.html
Please also refer to the documentation for alternative solver options:
    https://scikit-learn.org/stable/modules/linear_model.html#logistic-regression
  n_iter_i = _check_optimize_result(

2024-06-14 16:11:39,660:WARNING:/usr/local/lib/python3.10/dist-packages/sklearn/linear_model/_logistic.py:469: ConvergenceWarning: lbfgs failed to converge (status=1):
STOP: TOTAL NO. of ITERATIONS REACHED LIMIT.

Increase the number of iterations (max_iter) or scale the data as shown in:
    https://scikit-learn.org/stable/modules/preprocessing.html
Please also refer to the documentation for alternative solver options:
    https://scikit-learn.org/stable/modules/linear_model.html#logistic-regression
  n_iter_i = _check_optimize_result(

2024-06-14 16:11:40,929:WARNING:/usr/local/lib/python3.10/dist-packages/sklearn/linear_model/_logistic.py:469: ConvergenceWarning: lbfgs failed to converge (status=1):
STOP: TOTAL NO. of ITERATIONS REACHED LIMIT.

Increase the number of iterations (max_iter) or scale the data as shown in:
    https://scikit-learn.org/stable/modules/preprocessing.html
Please also refer to the documentation for alternative solver options:
    https://scikit-learn.org/stable/modules/linear_model.html#logistic-regression
  n_iter_i = _check_optimize_result(

2024-06-14 16:12:02,819:WARNING:/usr/local/lib/python3.10/dist-packages/sklearn/linear_model/_logistic.py:469: ConvergenceWarning: lbfgs failed to converge (status=1):
STOP: TOTAL NO. of ITERATIONS REACHED LIMIT.

Increase the number of iterations (max_iter) or scale the data as shown in:
    https://scikit-learn.org/stable/modules/preprocessing.html
Please also refer to the documentation for alternative solver options:
    https://scikit-learn.org/stable/modules/linear_model.html#logistic-regression
  n_iter_i = _check_optimize_result(

2024-06-14 16:12:03,390:WARNING:/usr/local/lib/python3.10/dist-packages/sklearn/linear_model/_logistic.py:469: ConvergenceWarning: lbfgs failed to converge (status=1):
STOP: TOTAL NO. of ITERATIONS REACHED LIMIT.

Increase the number of iterations (max_iter) or scale the data as shown in:
    https://scikit-learn.org/stable/modules/preprocessing.html
Please also refer to the documentation for alternative solver options:
    https://scikit-learn.org/stable/modules/linear_model.html#logistic-regression
  n_iter_i = _check_optimize_result(

2024-06-14 16:12:26,045:WARNING:/usr/local/lib/python3.10/dist-packages/sklearn/linear_model/_logistic.py:469: ConvergenceWarning: lbfgs failed to converge (status=1):
STOP: TOTAL NO. of ITERATIONS REACHED LIMIT.

Increase the number of iterations (max_iter) or scale the data as shown in:
    https://scikit-learn.org/stable/modules/preprocessing.html
Please also refer to the documentation for alternative solver options:
    https://scikit-learn.org/stable/modules/linear_model.html#logistic-regression
  n_iter_i = _check_optimize_result(

2024-06-14 16:12:26,128:WARNING:/usr/local/lib/python3.10/dist-packages/sklearn/linear_model/_logistic.py:469: ConvergenceWarning: lbfgs failed to converge (status=1):
STOP: TOTAL NO. of ITERATIONS REACHED LIMIT.

Increase the number of iterations (max_iter) or scale the data as shown in:
    https://scikit-learn.org/stable/modules/preprocessing.html
Please also refer to the documentation for alternative solver options:
    https://scikit-learn.org/stable/modules/linear_model.html#logistic-regression
  n_iter_i = _check_optimize_result(

2024-06-14 16:12:55,255:WARNING:/usr/local/lib/python3.10/dist-packages/sklearn/linear_model/_logistic.py:469: ConvergenceWarning: lbfgs failed to converge (status=1):
STOP: TOTAL NO. of ITERATIONS REACHED LIMIT.

Increase the number of iterations (max_iter) or scale the data as shown in:
    https://scikit-learn.org/stable/modules/preprocessing.html
Please also refer to the documentation for alternative solver options:
    https://scikit-learn.org/stable/modules/linear_model.html#logistic-regression
  n_iter_i = _check_optimize_result(

2024-06-14 16:12:55,364:WARNING:/usr/local/lib/python3.10/dist-packages/sklearn/linear_model/_logistic.py:469: ConvergenceWarning: lbfgs failed to converge (status=1):
STOP: TOTAL NO. of ITERATIONS REACHED LIMIT.

Increase the number of iterations (max_iter) or scale the data as shown in:
    https://scikit-learn.org/stable/modules/preprocessing.html
Please also refer to the documentation for alternative solver options:
    https://scikit-learn.org/stable/modules/linear_model.html#logistic-regression
  n_iter_i = _check_optimize_result(

2024-06-14 16:12:55,427:INFO:Calculating mean and std
2024-06-14 16:12:55,430:INFO:Creating metrics dataframe
2024-06-14 16:12:55,435:INFO:Uploading results into container
2024-06-14 16:12:55,436:INFO:Uploading model into container now
2024-06-14 16:12:55,437:INFO:_master_model_container: 1
2024-06-14 16:12:55,437:INFO:_display_container: 2
2024-06-14 16:12:55,438:INFO:LogisticRegression(C=1.0, class_weight=None, dual=False, fit_intercept=True,
                   intercept_scaling=1, l1_ratio=None, max_iter=1000,
                   multi_class='auto', n_jobs=None, penalty='l2',
                   random_state=2191, solver='lbfgs', tol=0.0001, verbose=0,
                   warm_start=False)
2024-06-14 16:12:55,438:INFO:create_model() successfully completed......................................
2024-06-14 16:12:55,653:INFO:SubProcess create_model() end ==================================
2024-06-14 16:12:55,653:INFO:Creating metrics dataframe
2024-06-14 16:12:55,669:INFO:Initializing K Neighbors Classifier
2024-06-14 16:12:55,670:INFO:Total runtime is 2.6049549659093225 minutes
2024-06-14 16:12:55,686:INFO:SubProcess create_model() called ==================================
2024-06-14 16:12:55,687:INFO:Initializing create_model()
2024-06-14 16:12:55,688:INFO:create_model(self=<pycaret.classification.oop.ClassificationExperiment object at 0x7f74c43d40d0>, estimator=knn, fold=StratifiedKFold(n_splits=10, random_state=None, shuffle=False), round=4, cross_validation=True, predict=True, fit_kwargs={}, groups=None, refit=False, probability_threshold=None, experiment_custom_tags=None, verbose=False, system=False, add_to_model_list=True, metrics=None, display=<pycaret.internal.display.display.CommonDisplay object at 0x7f74b3249fc0>, model_only=True, return_train_score=False, error_score=0.0, kwargs={})
2024-06-14 16:12:55,688:INFO:Checking exceptions
2024-06-14 16:12:55,688:INFO:Importing libraries
2024-06-14 16:12:55,688:INFO:Copying training dataset
2024-06-14 16:12:55,810:INFO:Defining folds
2024-06-14 16:12:55,811:INFO:Declaring metric variables
2024-06-14 16:12:55,826:INFO:Importing untrained model
2024-06-14 16:12:55,842:INFO:K Neighbors Classifier Imported successfully
2024-06-14 16:12:55,868:INFO:Starting cross validation
2024-06-14 16:12:55,870:INFO:Cross validating with StratifiedKFold(n_splits=10, random_state=None, shuffle=False), n_jobs=-1
2024-06-14 16:14:58,523:INFO:Calculating mean and std
2024-06-14 16:14:58,525:INFO:Creating metrics dataframe
2024-06-14 16:14:58,529:INFO:Uploading results into container
2024-06-14 16:14:58,530:INFO:Uploading model into container now
2024-06-14 16:14:58,531:INFO:_master_model_container: 2
2024-06-14 16:14:58,531:INFO:_display_container: 2
2024-06-14 16:14:58,531:INFO:KNeighborsClassifier(algorithm='auto', leaf_size=30, metric='minkowski',
                     metric_params=None, n_jobs=-1, n_neighbors=5, p=2,
                     weights='uniform')
2024-06-14 16:14:58,531:INFO:create_model() successfully completed......................................
2024-06-14 16:14:58,708:INFO:SubProcess create_model() end ==================================
2024-06-14 16:14:58,709:INFO:Creating metrics dataframe
2024-06-14 16:14:58,723:INFO:Initializing Naive Bayes
2024-06-14 16:14:58,724:INFO:Total runtime is 4.655853386720022 minutes
2024-06-14 16:14:58,736:INFO:SubProcess create_model() called ==================================
2024-06-14 16:14:58,737:INFO:Initializing create_model()
2024-06-14 16:14:58,737:INFO:create_model(self=<pycaret.classification.oop.ClassificationExperiment object at 0x7f74c43d40d0>, estimator=nb, fold=StratifiedKFold(n_splits=10, random_state=None, shuffle=False), round=4, cross_validation=True, predict=True, fit_kwargs={}, groups=None, refit=False, probability_threshold=None, experiment_custom_tags=None, verbose=False, system=False, add_to_model_list=True, metrics=None, display=<pycaret.internal.display.display.CommonDisplay object at 0x7f74b3249fc0>, model_only=True, return_train_score=False, error_score=0.0, kwargs={})
2024-06-14 16:14:58,737:INFO:Checking exceptions
2024-06-14 16:14:58,737:INFO:Importing libraries
2024-06-14 16:14:58,737:INFO:Copying training dataset
2024-06-14 16:14:58,860:INFO:Defining folds
2024-06-14 16:14:58,861:INFO:Declaring metric variables
2024-06-14 16:14:58,876:INFO:Importing untrained model
2024-06-14 16:14:58,891:INFO:Naive Bayes Imported successfully
2024-06-14 16:14:58,915:INFO:Starting cross validation
2024-06-14 16:14:58,917:INFO:Cross validating with StratifiedKFold(n_splits=10, random_state=None, shuffle=False), n_jobs=-1
2024-06-14 16:15:01,375:INFO:Calculating mean and std
2024-06-14 16:15:01,378:INFO:Creating metrics dataframe
2024-06-14 16:15:01,383:INFO:Uploading results into container
2024-06-14 16:15:01,388:INFO:Uploading model into container now
2024-06-14 16:15:01,390:INFO:_master_model_container: 3
2024-06-14 16:15:01,390:INFO:_display_container: 2
2024-06-14 16:15:01,391:INFO:GaussianNB(priors=None, var_smoothing=1e-09)
2024-06-14 16:15:01,391:INFO:create_model() successfully completed......................................
2024-06-14 16:15:01,648:INFO:SubProcess create_model() end ==================================
2024-06-14 16:15:01,649:INFO:Creating metrics dataframe
2024-06-14 16:15:01,667:INFO:Initializing Decision Tree Classifier
2024-06-14 16:15:01,669:INFO:Total runtime is 4.704943064848583 minutes
2024-06-14 16:15:01,685:INFO:SubProcess create_model() called ==================================
2024-06-14 16:15:01,686:INFO:Initializing create_model()
2024-06-14 16:15:01,686:INFO:create_model(self=<pycaret.classification.oop.ClassificationExperiment object at 0x7f74c43d40d0>, estimator=dt, fold=StratifiedKFold(n_splits=10, random_state=None, shuffle=False), round=4, cross_validation=True, predict=True, fit_kwargs={}, groups=None, refit=False, probability_threshold=None, experiment_custom_tags=None, verbose=False, system=False, add_to_model_list=True, metrics=None, display=<pycaret.internal.display.display.CommonDisplay object at 0x7f74b3249fc0>, model_only=True, return_train_score=False, error_score=0.0, kwargs={})
2024-06-14 16:15:01,686:INFO:Checking exceptions
2024-06-14 16:15:01,687:INFO:Importing libraries
2024-06-14 16:15:01,687:INFO:Copying training dataset
2024-06-14 16:15:01,833:INFO:Defining folds
2024-06-14 16:15:01,834:INFO:Declaring metric variables
2024-06-14 16:15:01,862:INFO:Importing untrained model
2024-06-14 16:15:01,881:INFO:Decision Tree Classifier Imported successfully
2024-06-14 16:15:01,917:INFO:Starting cross validation
2024-06-14 16:15:01,919:INFO:Cross validating with StratifiedKFold(n_splits=10, random_state=None, shuffle=False), n_jobs=-1
2024-06-14 16:15:28,686:INFO:Calculating mean and std
2024-06-14 16:15:28,695:INFO:Creating metrics dataframe
2024-06-14 16:15:28,700:INFO:Uploading results into container
2024-06-14 16:15:28,701:INFO:Uploading model into container now
2024-06-14 16:15:28,706:INFO:_master_model_container: 4
2024-06-14 16:15:28,706:INFO:_display_container: 2
2024-06-14 16:15:28,707:INFO:DecisionTreeClassifier(ccp_alpha=0.0, class_weight=None, criterion='gini',
                       max_depth=None, max_features=None, max_leaf_nodes=None,
                       min_impurity_decrease=0.0, min_samples_leaf=1,
                       min_samples_split=2, min_weight_fraction_leaf=0.0,
                       monotonic_cst=None, random_state=2191, splitter='best')
2024-06-14 16:15:28,707:INFO:create_model() successfully completed......................................
2024-06-14 16:15:28,910:INFO:SubProcess create_model() end ==================================
2024-06-14 16:15:28,910:INFO:Creating metrics dataframe
2024-06-14 16:15:28,925:INFO:Initializing SVM - Linear Kernel
2024-06-14 16:15:28,926:INFO:Total runtime is 5.159221839904786 minutes
2024-06-14 16:15:28,939:INFO:SubProcess create_model() called ==================================
2024-06-14 16:15:28,939:INFO:Initializing create_model()
2024-06-14 16:15:28,940:INFO:create_model(self=<pycaret.classification.oop.ClassificationExperiment object at 0x7f74c43d40d0>, estimator=svm, fold=StratifiedKFold(n_splits=10, random_state=None, shuffle=False), round=4, cross_validation=True, predict=True, fit_kwargs={}, groups=None, refit=False, probability_threshold=None, experiment_custom_tags=None, verbose=False, system=False, add_to_model_list=True, metrics=None, display=<pycaret.internal.display.display.CommonDisplay object at 0x7f74b3249fc0>, model_only=True, return_train_score=False, error_score=0.0, kwargs={})
2024-06-14 16:15:28,940:INFO:Checking exceptions
2024-06-14 16:15:28,940:INFO:Importing libraries
2024-06-14 16:15:28,940:INFO:Copying training dataset
2024-06-14 16:15:29,059:INFO:Defining folds
2024-06-14 16:15:29,060:INFO:Declaring metric variables
2024-06-14 16:15:29,078:INFO:Importing untrained model
2024-06-14 16:15:29,096:INFO:SVM - Linear Kernel Imported successfully
2024-06-14 16:15:29,128:INFO:Starting cross validation
2024-06-14 16:15:29,130:INFO:Cross validating with StratifiedKFold(n_splits=10, random_state=None, shuffle=False), n_jobs=-1
2024-06-14 16:16:59,506:INFO:Calculating mean and std
2024-06-14 16:16:59,520:INFO:Creating metrics dataframe
2024-06-14 16:16:59,537:INFO:Uploading results into container
2024-06-14 16:16:59,544:INFO:Uploading model into container now
2024-06-14 16:16:59,546:INFO:_master_model_container: 5
2024-06-14 16:16:59,546:INFO:_display_container: 2
2024-06-14 16:16:59,548:INFO:SGDClassifier(alpha=0.0001, average=False, class_weight=None,
              early_stopping=False, epsilon=0.1, eta0=0.001, fit_intercept=True,
              l1_ratio=0.15, learning_rate='optimal', loss='hinge',
              max_iter=1000, n_iter_no_change=5, n_jobs=-1, penalty='l2',
              power_t=0.5, random_state=2191, shuffle=True, tol=0.001,
              validation_fraction=0.1, verbose=0, warm_start=False)
2024-06-14 16:16:59,549:INFO:create_model() successfully completed......................................
2024-06-14 16:16:59,897:INFO:SubProcess create_model() end ==================================
2024-06-14 16:16:59,897:INFO:Creating metrics dataframe
2024-06-14 16:16:59,914:INFO:Initializing Ridge Classifier
2024-06-14 16:16:59,915:INFO:Total runtime is 6.675703541437786 minutes
2024-06-14 16:16:59,936:INFO:SubProcess create_model() called ==================================
2024-06-14 16:16:59,936:INFO:Initializing create_model()
2024-06-14 16:16:59,937:INFO:create_model(self=<pycaret.classification.oop.ClassificationExperiment object at 0x7f74c43d40d0>, estimator=ridge, fold=StratifiedKFold(n_splits=10, random_state=None, shuffle=False), round=4, cross_validation=True, predict=True, fit_kwargs={}, groups=None, refit=False, probability_threshold=None, experiment_custom_tags=None, verbose=False, system=False, add_to_model_list=True, metrics=None, display=<pycaret.internal.display.display.CommonDisplay object at 0x7f74b3249fc0>, model_only=True, return_train_score=False, error_score=0.0, kwargs={})
2024-06-14 16:16:59,937:INFO:Checking exceptions
2024-06-14 16:16:59,937:INFO:Importing libraries
2024-06-14 16:16:59,937:INFO:Copying training dataset
2024-06-14 16:17:00,101:INFO:Defining folds
2024-06-14 16:17:00,102:INFO:Declaring metric variables
2024-06-14 16:17:00,121:INFO:Importing untrained model
2024-06-14 16:17:00,138:INFO:Ridge Classifier Imported successfully
2024-06-14 16:17:00,171:INFO:Starting cross validation
2024-06-14 16:17:00,173:INFO:Cross validating with StratifiedKFold(n_splits=10, random_state=None, shuffle=False), n_jobs=-1
2024-06-14 16:17:02,289:INFO:Calculating mean and std
2024-06-14 16:17:02,291:INFO:Creating metrics dataframe
2024-06-14 16:17:02,301:INFO:Uploading results into container
2024-06-14 16:17:02,303:INFO:Uploading model into container now
2024-06-14 16:17:02,304:INFO:_master_model_container: 6
2024-06-14 16:17:02,304:INFO:_display_container: 2
2024-06-14 16:17:02,304:INFO:RidgeClassifier(alpha=1.0, class_weight=None, copy_X=True, fit_intercept=True,
                max_iter=None, positive=False, random_state=2191, solver='auto',
                tol=0.0001)
2024-06-14 16:17:02,304:INFO:create_model() successfully completed......................................
2024-06-14 16:17:02,470:INFO:SubProcess create_model() end ==================================
2024-06-14 16:17:02,470:INFO:Creating metrics dataframe
2024-06-14 16:17:02,483:INFO:Initializing Random Forest Classifier
2024-06-14 16:17:02,484:INFO:Total runtime is 6.7185266335805265 minutes
2024-06-14 16:17:02,497:INFO:SubProcess create_model() called ==================================
2024-06-14 16:17:02,499:INFO:Initializing create_model()
2024-06-14 16:17:02,499:INFO:create_model(self=<pycaret.classification.oop.ClassificationExperiment object at 0x7f74c43d40d0>, estimator=rf, fold=StratifiedKFold(n_splits=10, random_state=None, shuffle=False), round=4, cross_validation=True, predict=True, fit_kwargs={}, groups=None, refit=False, probability_threshold=None, experiment_custom_tags=None, verbose=False, system=False, add_to_model_list=True, metrics=None, display=<pycaret.internal.display.display.CommonDisplay object at 0x7f74b3249fc0>, model_only=True, return_train_score=False, error_score=0.0, kwargs={})
2024-06-14 16:17:02,499:INFO:Checking exceptions
2024-06-14 16:17:02,499:INFO:Importing libraries
2024-06-14 16:17:02,499:INFO:Copying training dataset
2024-06-14 16:17:02,622:INFO:Defining folds
2024-06-14 16:17:02,623:INFO:Declaring metric variables
2024-06-14 16:17:02,640:INFO:Importing untrained model
2024-06-14 16:17:02,652:INFO:Random Forest Classifier Imported successfully
2024-06-14 16:17:02,678:INFO:Starting cross validation
2024-06-14 16:17:02,679:INFO:Cross validating with StratifiedKFold(n_splits=10, random_state=None, shuffle=False), n_jobs=-1
2024-06-14 16:22:11,060:INFO:Calculating mean and std
2024-06-14 16:22:11,067:INFO:Creating metrics dataframe
2024-06-14 16:22:11,073:INFO:Uploading results into container
2024-06-14 16:22:11,074:INFO:Uploading model into container now
2024-06-14 16:22:11,075:INFO:_master_model_container: 7
2024-06-14 16:22:11,075:INFO:_display_container: 2
2024-06-14 16:22:11,076:INFO:RandomForestClassifier(bootstrap=True, ccp_alpha=0.0, class_weight=None,
                       criterion='gini', max_depth=None, max_features='sqrt',
                       max_leaf_nodes=None, max_samples=None,
                       min_impurity_decrease=0.0, min_samples_leaf=1,
                       min_samples_split=2, min_weight_fraction_leaf=0.0,
                       monotonic_cst=None, n_estimators=100, n_jobs=-1,
                       oob_score=False, random_state=2191, verbose=0,
                       warm_start=False)
2024-06-14 16:22:11,076:INFO:create_model() successfully completed......................................
2024-06-14 16:22:11,258:INFO:SubProcess create_model() end ==================================
2024-06-14 16:22:11,258:INFO:Creating metrics dataframe
2024-06-14 16:22:11,273:INFO:Initializing Quadratic Discriminant Analysis
2024-06-14 16:22:11,274:INFO:Total runtime is 11.865024665991466 minutes
2024-06-14 16:22:11,289:INFO:SubProcess create_model() called ==================================
2024-06-14 16:22:11,290:INFO:Initializing create_model()
2024-06-14 16:22:11,290:INFO:create_model(self=<pycaret.classification.oop.ClassificationExperiment object at 0x7f74c43d40d0>, estimator=qda, fold=StratifiedKFold(n_splits=10, random_state=None, shuffle=False), round=4, cross_validation=True, predict=True, fit_kwargs={}, groups=None, refit=False, probability_threshold=None, experiment_custom_tags=None, verbose=False, system=False, add_to_model_list=True, metrics=None, display=<pycaret.internal.display.display.CommonDisplay object at 0x7f74b3249fc0>, model_only=True, return_train_score=False, error_score=0.0, kwargs={})
2024-06-14 16:22:11,290:INFO:Checking exceptions
2024-06-14 16:22:11,291:INFO:Importing libraries
2024-06-14 16:22:11,291:INFO:Copying training dataset
2024-06-14 16:22:11,418:INFO:Defining folds
2024-06-14 16:22:11,419:INFO:Declaring metric variables
2024-06-14 16:22:11,432:INFO:Importing untrained model
2024-06-14 16:22:11,448:INFO:Quadratic Discriminant Analysis Imported successfully
2024-06-14 16:22:11,483:INFO:Starting cross validation
2024-06-14 16:22:11,485:INFO:Cross validating with StratifiedKFold(n_splits=10, random_state=None, shuffle=False), n_jobs=-1
2024-06-14 16:22:14,875:INFO:Calculating mean and std
2024-06-14 16:22:14,878:INFO:Creating metrics dataframe
2024-06-14 16:22:14,883:INFO:Uploading results into container
2024-06-14 16:22:14,884:INFO:Uploading model into container now
2024-06-14 16:22:14,885:INFO:_master_model_container: 8
2024-06-14 16:22:14,885:INFO:_display_container: 2
2024-06-14 16:22:14,885:INFO:QuadraticDiscriminantAnalysis(priors=None, reg_param=0.0,
                              store_covariance=False, tol=0.0001)
2024-06-14 16:22:14,885:INFO:create_model() successfully completed......................................
2024-06-14 16:22:15,051:INFO:SubProcess create_model() end ==================================
2024-06-14 16:22:15,051:INFO:Creating metrics dataframe
2024-06-14 16:22:15,064:INFO:Initializing Ada Boost Classifier
2024-06-14 16:22:15,065:INFO:Total runtime is 11.928204627831779 minutes
2024-06-14 16:22:15,079:INFO:SubProcess create_model() called ==================================
2024-06-14 16:22:15,080:INFO:Initializing create_model()
2024-06-14 16:22:15,081:INFO:create_model(self=<pycaret.classification.oop.ClassificationExperiment object at 0x7f74c43d40d0>, estimator=ada, fold=StratifiedKFold(n_splits=10, random_state=None, shuffle=False), round=4, cross_validation=True, predict=True, fit_kwargs={}, groups=None, refit=False, probability_threshold=None, experiment_custom_tags=None, verbose=False, system=False, add_to_model_list=True, metrics=None, display=<pycaret.internal.display.display.CommonDisplay object at 0x7f74b3249fc0>, model_only=True, return_train_score=False, error_score=0.0, kwargs={})
2024-06-14 16:22:15,081:INFO:Checking exceptions
2024-06-14 16:22:15,081:INFO:Importing libraries
2024-06-14 16:22:15,081:INFO:Copying training dataset
2024-06-14 16:22:15,192:INFO:Defining folds
2024-06-14 16:22:15,193:INFO:Declaring metric variables
2024-06-14 16:22:15,209:INFO:Importing untrained model
2024-06-14 16:22:15,228:INFO:Ada Boost Classifier Imported successfully
2024-06-14 16:22:15,257:INFO:Starting cross validation
2024-06-14 16:22:15,259:INFO:Cross validating with StratifiedKFold(n_splits=10, random_state=None, shuffle=False), n_jobs=-1
2024-06-14 16:22:15,480:WARNING:/usr/local/lib/python3.10/dist-packages/sklearn/ensemble/_weight_boosting.py:519: FutureWarning: The SAMME.R algorithm (the default) is deprecated and will be removed in 1.6. Use the SAMME algorithm to circumvent this warning.
  warnings.warn(

2024-06-14 16:22:15,512:WARNING:/usr/local/lib/python3.10/dist-packages/sklearn/ensemble/_weight_boosting.py:519: FutureWarning: The SAMME.R algorithm (the default) is deprecated and will be removed in 1.6. Use the SAMME algorithm to circumvent this warning.
  warnings.warn(

2024-06-14 16:22:28,440:WARNING:/usr/local/lib/python3.10/dist-packages/sklearn/ensemble/_weight_boosting.py:519: FutureWarning: The SAMME.R algorithm (the default) is deprecated and will be removed in 1.6. Use the SAMME algorithm to circumvent this warning.
  warnings.warn(

2024-06-14 16:22:28,646:WARNING:/usr/local/lib/python3.10/dist-packages/sklearn/ensemble/_weight_boosting.py:519: FutureWarning: The SAMME.R algorithm (the default) is deprecated and will be removed in 1.6. Use the SAMME algorithm to circumvent this warning.
  warnings.warn(

2024-06-14 16:22:41,374:WARNING:/usr/local/lib/python3.10/dist-packages/sklearn/ensemble/_weight_boosting.py:519: FutureWarning: The SAMME.R algorithm (the default) is deprecated and will be removed in 1.6. Use the SAMME algorithm to circumvent this warning.
  warnings.warn(

2024-06-14 16:22:41,443:WARNING:/usr/local/lib/python3.10/dist-packages/sklearn/ensemble/_weight_boosting.py:519: FutureWarning: The SAMME.R algorithm (the default) is deprecated and will be removed in 1.6. Use the SAMME algorithm to circumvent this warning.
  warnings.warn(

2024-06-14 16:22:52,118:WARNING:/usr/local/lib/python3.10/dist-packages/sklearn/ensemble/_weight_boosting.py:519: FutureWarning: The SAMME.R algorithm (the default) is deprecated and will be removed in 1.6. Use the SAMME algorithm to circumvent this warning.
  warnings.warn(

2024-06-14 16:22:52,285:WARNING:/usr/local/lib/python3.10/dist-packages/sklearn/ensemble/_weight_boosting.py:519: FutureWarning: The SAMME.R algorithm (the default) is deprecated and will be removed in 1.6. Use the SAMME algorithm to circumvent this warning.
  warnings.warn(

2024-06-14 16:23:05,350:WARNING:/usr/local/lib/python3.10/dist-packages/sklearn/ensemble/_weight_boosting.py:519: FutureWarning: The SAMME.R algorithm (the default) is deprecated and will be removed in 1.6. Use the SAMME algorithm to circumvent this warning.
  warnings.warn(

2024-06-14 16:23:05,369:WARNING:/usr/local/lib/python3.10/dist-packages/sklearn/ensemble/_weight_boosting.py:519: FutureWarning: The SAMME.R algorithm (the default) is deprecated and will be removed in 1.6. Use the SAMME algorithm to circumvent this warning.
  warnings.warn(

2024-06-14 16:23:18,666:INFO:Calculating mean and std
2024-06-14 16:23:18,668:INFO:Creating metrics dataframe
2024-06-14 16:23:18,675:INFO:Uploading results into container
2024-06-14 16:23:18,676:INFO:Uploading model into container now
2024-06-14 16:23:18,678:INFO:_master_model_container: 9
2024-06-14 16:23:18,678:INFO:_display_container: 2
2024-06-14 16:23:18,678:INFO:AdaBoostClassifier(algorithm='SAMME.R', estimator=None, learning_rate=1.0,
                   n_estimators=50, random_state=2191)
2024-06-14 16:23:18,679:INFO:create_model() successfully completed......................................
2024-06-14 16:23:18,842:INFO:SubProcess create_model() end ==================================
2024-06-14 16:23:18,842:INFO:Creating metrics dataframe
2024-06-14 16:23:18,855:INFO:Initializing Gradient Boosting Classifier
2024-06-14 16:23:18,856:INFO:Total runtime is 12.991387740770978 minutes
2024-06-14 16:23:18,871:INFO:SubProcess create_model() called ==================================
2024-06-14 16:23:18,872:INFO:Initializing create_model()
2024-06-14 16:23:18,872:INFO:create_model(self=<pycaret.classification.oop.ClassificationExperiment object at 0x7f74c43d40d0>, estimator=gbc, fold=StratifiedKFold(n_splits=10, random_state=None, shuffle=False), round=4, cross_validation=True, predict=True, fit_kwargs={}, groups=None, refit=False, probability_threshold=None, experiment_custom_tags=None, verbose=False, system=False, add_to_model_list=True, metrics=None, display=<pycaret.internal.display.display.CommonDisplay object at 0x7f74b3249fc0>, model_only=True, return_train_score=False, error_score=0.0, kwargs={})
2024-06-14 16:23:18,872:INFO:Checking exceptions
2024-06-14 16:23:18,873:INFO:Importing libraries
2024-06-14 16:23:18,873:INFO:Copying training dataset
2024-06-14 16:23:18,983:INFO:Defining folds
2024-06-14 16:23:18,983:INFO:Declaring metric variables
2024-06-14 16:23:18,999:INFO:Importing untrained model
2024-06-14 16:23:19,018:INFO:Gradient Boosting Classifier Imported successfully
2024-06-14 16:23:19,054:INFO:Starting cross validation
2024-06-14 16:23:19,057:INFO:Cross validating with StratifiedKFold(n_splits=10, random_state=None, shuffle=False), n_jobs=-1
2024-06-14 16:28:52,689:INFO:Calculating mean and std
2024-06-14 16:28:52,692:INFO:Creating metrics dataframe
2024-06-14 16:28:52,697:INFO:Uploading results into container
2024-06-14 16:28:52,698:INFO:Uploading model into container now
2024-06-14 16:28:52,699:INFO:_master_model_container: 10
2024-06-14 16:28:52,699:INFO:_display_container: 2
2024-06-14 16:28:52,703:INFO:GradientBoostingClassifier(ccp_alpha=0.0, criterion='friedman_mse', init=None,
                           learning_rate=0.1, loss='log_loss', max_depth=3,
                           max_features=None, max_leaf_nodes=None,
                           min_impurity_decrease=0.0, min_samples_leaf=1,
                           min_samples_split=2, min_weight_fraction_leaf=0.0,
                           n_estimators=100, n_iter_no_change=None,
                           random_state=2191, subsample=1.0, tol=0.0001,
                           validation_fraction=0.1, verbose=0,
                           warm_start=False)
2024-06-14 16:28:52,703:INFO:create_model() successfully completed......................................
2024-06-14 16:28:52,966:INFO:SubProcess create_model() end ==================================
2024-06-14 16:28:52,966:INFO:Creating metrics dataframe
2024-06-14 16:28:52,984:INFO:Initializing Linear Discriminant Analysis
2024-06-14 16:28:52,984:INFO:Total runtime is 18.56019769906998 minutes
2024-06-14 16:28:52,999:INFO:SubProcess create_model() called ==================================
2024-06-14 16:28:53,000:INFO:Initializing create_model()
2024-06-14 16:28:53,000:INFO:create_model(self=<pycaret.classification.oop.ClassificationExperiment object at 0x7f74c43d40d0>, estimator=lda, fold=StratifiedKFold(n_splits=10, random_state=None, shuffle=False), round=4, cross_validation=True, predict=True, fit_kwargs={}, groups=None, refit=False, probability_threshold=None, experiment_custom_tags=None, verbose=False, system=False, add_to_model_list=True, metrics=None, display=<pycaret.internal.display.display.CommonDisplay object at 0x7f74b3249fc0>, model_only=True, return_train_score=False, error_score=0.0, kwargs={})
2024-06-14 16:28:53,000:INFO:Checking exceptions
2024-06-14 16:28:53,000:INFO:Importing libraries
2024-06-14 16:28:53,000:INFO:Copying training dataset
2024-06-14 16:28:53,141:INFO:Defining folds
2024-06-14 16:28:53,141:INFO:Declaring metric variables
2024-06-14 16:28:53,167:INFO:Importing untrained model
2024-06-14 16:28:53,182:INFO:Linear Discriminant Analysis Imported successfully
2024-06-14 16:28:53,219:INFO:Starting cross validation
2024-06-14 16:28:53,221:INFO:Cross validating with StratifiedKFold(n_splits=10, random_state=None, shuffle=False), n_jobs=-1
2024-06-14 16:28:56,468:INFO:Calculating mean and std
2024-06-14 16:28:56,470:INFO:Creating metrics dataframe
2024-06-14 16:28:56,474:INFO:Uploading results into container
2024-06-14 16:28:56,477:INFO:Uploading model into container now
2024-06-14 16:28:56,478:INFO:_master_model_container: 11
2024-06-14 16:28:56,478:INFO:_display_container: 2
2024-06-14 16:28:56,479:INFO:LinearDiscriminantAnalysis(covariance_estimator=None, n_components=None,
                           priors=None, shrinkage=None, solver='svd',
                           store_covariance=False, tol=0.0001)
2024-06-14 16:28:56,479:INFO:create_model() successfully completed......................................
2024-06-14 16:28:56,731:INFO:SubProcess create_model() end ==================================
2024-06-14 16:28:56,731:INFO:Creating metrics dataframe
2024-06-14 16:28:56,746:INFO:Initializing Extra Trees Classifier
2024-06-14 16:28:56,747:INFO:Total runtime is 18.622909311453505 minutes
2024-06-14 16:28:56,761:INFO:SubProcess create_model() called ==================================
2024-06-14 16:28:56,761:INFO:Initializing create_model()
2024-06-14 16:28:56,762:INFO:create_model(self=<pycaret.classification.oop.ClassificationExperiment object at 0x7f74c43d40d0>, estimator=et, fold=StratifiedKFold(n_splits=10, random_state=None, shuffle=False), round=4, cross_validation=True, predict=True, fit_kwargs={}, groups=None, refit=False, probability_threshold=None, experiment_custom_tags=None, verbose=False, system=False, add_to_model_list=True, metrics=None, display=<pycaret.internal.display.display.CommonDisplay object at 0x7f74b3249fc0>, model_only=True, return_train_score=False, error_score=0.0, kwargs={})
2024-06-14 16:28:56,762:INFO:Checking exceptions
2024-06-14 16:28:56,762:INFO:Importing libraries
2024-06-14 16:28:56,762:INFO:Copying training dataset
2024-06-14 16:28:56,896:INFO:Defining folds
2024-06-14 16:28:56,897:INFO:Declaring metric variables
2024-06-14 16:28:56,914:INFO:Importing untrained model
2024-06-14 16:28:56,934:INFO:Extra Trees Classifier Imported successfully
2024-06-14 16:28:56,971:INFO:Starting cross validation
2024-06-14 16:28:56,973:INFO:Cross validating with StratifiedKFold(n_splits=10, random_state=None, shuffle=False), n_jobs=-1
2024-06-14 16:30:20,007:WARNING:/usr/local/lib/python3.10/dist-packages/joblib/externals/loky/process_executor.py:752: UserWarning: A worker stopped while some jobs were given to the executor. This can be caused by a too short worker timeout or by a memory leak.
  warnings.warn(

2024-06-14 16:32:31,418:INFO:Calculating mean and std
2024-06-14 16:32:31,422:INFO:Creating metrics dataframe
2024-06-14 16:32:31,429:INFO:Uploading results into container
2024-06-14 16:32:31,430:INFO:Uploading model into container now
2024-06-14 16:32:31,432:INFO:_master_model_container: 12
2024-06-14 16:32:31,432:INFO:_display_container: 2
2024-06-14 16:32:31,433:INFO:ExtraTreesClassifier(bootstrap=False, ccp_alpha=0.0, class_weight=None,
                     criterion='gini', max_depth=None, max_features='sqrt',
                     max_leaf_nodes=None, max_samples=None,
                     min_impurity_decrease=0.0, min_samples_leaf=1,
                     min_samples_split=2, min_weight_fraction_leaf=0.0,
                     monotonic_cst=None, n_estimators=100, n_jobs=-1,
                     oob_score=False, random_state=2191, verbose=0,
                     warm_start=False)
2024-06-14 16:32:31,440:INFO:create_model() successfully completed......................................
2024-06-14 16:32:31,727:INFO:SubProcess create_model() end ==================================
2024-06-14 16:32:31,727:INFO:Creating metrics dataframe
2024-06-14 16:32:31,745:INFO:Initializing Extreme Gradient Boosting
2024-06-14 16:32:31,746:INFO:Total runtime is 22.206227544943495 minutes
2024-06-14 16:32:31,766:INFO:SubProcess create_model() called ==================================
2024-06-14 16:32:31,766:INFO:Initializing create_model()
2024-06-14 16:32:31,767:INFO:create_model(self=<pycaret.classification.oop.ClassificationExperiment object at 0x7f74c43d40d0>, estimator=xgboost, fold=StratifiedKFold(n_splits=10, random_state=None, shuffle=False), round=4, cross_validation=True, predict=True, fit_kwargs={}, groups=None, refit=False, probability_threshold=None, experiment_custom_tags=None, verbose=False, system=False, add_to_model_list=True, metrics=None, display=<pycaret.internal.display.display.CommonDisplay object at 0x7f74b3249fc0>, model_only=True, return_train_score=False, error_score=0.0, kwargs={})
2024-06-14 16:32:31,767:INFO:Checking exceptions
2024-06-14 16:32:31,767:INFO:Importing libraries
2024-06-14 16:32:31,767:INFO:Copying training dataset
2024-06-14 16:32:31,900:INFO:Defining folds
2024-06-14 16:32:31,900:INFO:Declaring metric variables
2024-06-14 16:32:31,921:INFO:Importing untrained model
2024-06-14 16:32:31,940:INFO:Extreme Gradient Boosting Imported successfully
2024-06-14 16:32:31,972:INFO:Starting cross validation
2024-06-14 16:32:31,975:INFO:Cross validating with StratifiedKFold(n_splits=10, random_state=None, shuffle=False), n_jobs=-1
2024-06-14 16:32:53,330:INFO:Calculating mean and std
2024-06-14 16:32:53,333:INFO:Creating metrics dataframe
2024-06-14 16:32:53,339:INFO:Uploading results into container
2024-06-14 16:32:53,340:INFO:Uploading model into container now
2024-06-14 16:32:53,341:INFO:_master_model_container: 13
2024-06-14 16:32:53,341:INFO:_display_container: 2
2024-06-14 16:32:53,343:INFO:XGBClassifier(base_score=None, booster='gbtree', callbacks=None,
              colsample_bylevel=None, colsample_bynode=None,
              colsample_bytree=None, device='cpu', early_stopping_rounds=None,
              enable_categorical=False, eval_metric=None, feature_types=None,
              gamma=None, grow_policy=None, importance_type=None,
              interaction_constraints=None, learning_rate=None, max_bin=None,
              max_cat_threshold=None, max_cat_to_onehot=None,
              max_delta_step=None, max_depth=None, max_leaves=None,
              min_child_weight=None, missing=nan, monotone_constraints=None,
              multi_strategy=None, n_estimators=None, n_jobs=-1,
              num_parallel_tree=None, objective='binary:logistic', ...)
2024-06-14 16:32:53,344:INFO:create_model() successfully completed......................................
2024-06-14 16:32:53,535:INFO:SubProcess create_model() end ==================================
2024-06-14 16:32:53,535:INFO:Creating metrics dataframe
2024-06-14 16:32:53,557:INFO:Initializing Light Gradient Boosting Machine
2024-06-14 16:32:53,557:INFO:Total runtime is 22.569748024145767 minutes
2024-06-14 16:32:53,574:INFO:SubProcess create_model() called ==================================
2024-06-14 16:32:53,575:INFO:Initializing create_model()
2024-06-14 16:32:53,575:INFO:create_model(self=<pycaret.classification.oop.ClassificationExperiment object at 0x7f74c43d40d0>, estimator=lightgbm, fold=StratifiedKFold(n_splits=10, random_state=None, shuffle=False), round=4, cross_validation=True, predict=True, fit_kwargs={}, groups=None, refit=False, probability_threshold=None, experiment_custom_tags=None, verbose=False, system=False, add_to_model_list=True, metrics=None, display=<pycaret.internal.display.display.CommonDisplay object at 0x7f74b3249fc0>, model_only=True, return_train_score=False, error_score=0.0, kwargs={})
2024-06-14 16:32:53,575:INFO:Checking exceptions
2024-06-14 16:32:53,575:INFO:Importing libraries
2024-06-14 16:32:53,575:INFO:Copying training dataset
2024-06-14 16:32:53,688:INFO:Defining folds
2024-06-14 16:32:53,688:INFO:Declaring metric variables
2024-06-14 16:32:53,714:INFO:Importing untrained model
2024-06-14 16:32:53,730:INFO:Light Gradient Boosting Machine Imported successfully
2024-06-14 16:32:53,765:INFO:Starting cross validation
2024-06-14 16:32:53,768:INFO:Cross validating with StratifiedKFold(n_splits=10, random_state=None, shuffle=False), n_jobs=-1
2024-06-14 16:34:59,598:INFO:Calculating mean and std
2024-06-14 16:34:59,601:INFO:Creating metrics dataframe
2024-06-14 16:34:59,605:INFO:Uploading results into container
2024-06-14 16:34:59,608:INFO:Uploading model into container now
2024-06-14 16:34:59,611:INFO:_master_model_container: 14
2024-06-14 16:34:59,611:INFO:_display_container: 2
2024-06-14 16:34:59,612:INFO:LGBMClassifier(boosting_type='gbdt', class_weight=None, colsample_bytree=1.0,
               importance_type='split', learning_rate=0.1, max_depth=-1,
               min_child_samples=20, min_child_weight=0.001, min_split_gain=0.0,
               n_estimators=100, n_jobs=-1, num_leaves=31, objective=None,
               random_state=2191, reg_alpha=0.0, reg_lambda=0.0, subsample=1.0,
               subsample_for_bin=200000, subsample_freq=0)
2024-06-14 16:34:59,613:INFO:create_model() successfully completed......................................
2024-06-14 16:34:59,898:INFO:SubProcess create_model() end ==================================
2024-06-14 16:34:59,899:INFO:Creating metrics dataframe
2024-06-14 16:34:59,930:INFO:Initializing Dummy Classifier
2024-06-14 16:34:59,930:INFO:Total runtime is 24.675960997740432 minutes
2024-06-14 16:34:59,960:INFO:SubProcess create_model() called ==================================
2024-06-14 16:34:59,961:INFO:Initializing create_model()
2024-06-14 16:34:59,961:INFO:create_model(self=<pycaret.classification.oop.ClassificationExperiment object at 0x7f74c43d40d0>, estimator=dummy, fold=StratifiedKFold(n_splits=10, random_state=None, shuffle=False), round=4, cross_validation=True, predict=True, fit_kwargs={}, groups=None, refit=False, probability_threshold=None, experiment_custom_tags=None, verbose=False, system=False, add_to_model_list=True, metrics=None, display=<pycaret.internal.display.display.CommonDisplay object at 0x7f74b3249fc0>, model_only=True, return_train_score=False, error_score=0.0, kwargs={})
2024-06-14 16:34:59,961:INFO:Checking exceptions
2024-06-14 16:34:59,961:INFO:Importing libraries
2024-06-14 16:34:59,961:INFO:Copying training dataset
2024-06-14 16:35:00,165:INFO:Defining folds
2024-06-14 16:35:00,168:INFO:Declaring metric variables
2024-06-14 16:35:00,202:INFO:Importing untrained model
2024-06-14 16:35:00,232:INFO:Dummy Classifier Imported successfully
2024-06-14 16:35:00,275:INFO:Starting cross validation
2024-06-14 16:35:00,277:INFO:Cross validating with StratifiedKFold(n_splits=10, random_state=None, shuffle=False), n_jobs=-1
2024-06-14 16:35:00,772:WARNING:/usr/local/lib/python3.10/dist-packages/sklearn/metrics/_classification.py:1509: UndefinedMetricWarning: Precision is ill-defined and being set to 0.0 due to no predicted samples. Use `zero_division` parameter to control this behavior.
  _warn_prf(average, modifier, f"{metric.capitalize()} is", len(result))

2024-06-14 16:35:00,814:WARNING:/usr/local/lib/python3.10/dist-packages/sklearn/metrics/_classification.py:1509: UndefinedMetricWarning: Precision is ill-defined and being set to 0.0 due to no predicted samples. Use `zero_division` parameter to control this behavior.
  _warn_prf(average, modifier, f"{metric.capitalize()} is", len(result))

2024-06-14 16:35:01,146:WARNING:/usr/local/lib/python3.10/dist-packages/sklearn/metrics/_classification.py:1509: UndefinedMetricWarning: Precision is ill-defined and being set to 0.0 due to no predicted samples. Use `zero_division` parameter to control this behavior.
  _warn_prf(average, modifier, f"{metric.capitalize()} is", len(result))

2024-06-14 16:35:01,148:WARNING:/usr/local/lib/python3.10/dist-packages/sklearn/metrics/_classification.py:1509: UndefinedMetricWarning: Precision is ill-defined and being set to 0.0 due to no predicted samples. Use `zero_division` parameter to control this behavior.
  _warn_prf(average, modifier, f"{metric.capitalize()} is", len(result))

2024-06-14 16:35:01,425:WARNING:/usr/local/lib/python3.10/dist-packages/sklearn/metrics/_classification.py:1509: UndefinedMetricWarning: Precision is ill-defined and being set to 0.0 due to no predicted samples. Use `zero_division` parameter to control this behavior.
  _warn_prf(average, modifier, f"{metric.capitalize()} is", len(result))

2024-06-14 16:35:01,448:WARNING:/usr/local/lib/python3.10/dist-packages/sklearn/metrics/_classification.py:1509: UndefinedMetricWarning: Precision is ill-defined and being set to 0.0 due to no predicted samples. Use `zero_division` parameter to control this behavior.
  _warn_prf(average, modifier, f"{metric.capitalize()} is", len(result))

2024-06-14 16:35:01,782:WARNING:/usr/local/lib/python3.10/dist-packages/sklearn/metrics/_classification.py:1509: UndefinedMetricWarning: Precision is ill-defined and being set to 0.0 due to no predicted samples. Use `zero_division` parameter to control this behavior.
  _warn_prf(average, modifier, f"{metric.capitalize()} is", len(result))

2024-06-14 16:35:01,805:WARNING:/usr/local/lib/python3.10/dist-packages/sklearn/metrics/_classification.py:1509: UndefinedMetricWarning: Precision is ill-defined and being set to 0.0 due to no predicted samples. Use `zero_division` parameter to control this behavior.
  _warn_prf(average, modifier, f"{metric.capitalize()} is", len(result))

2024-06-14 16:35:02,105:WARNING:/usr/local/lib/python3.10/dist-packages/sklearn/metrics/_classification.py:1509: UndefinedMetricWarning: Precision is ill-defined and being set to 0.0 due to no predicted samples. Use `zero_division` parameter to control this behavior.
  _warn_prf(average, modifier, f"{metric.capitalize()} is", len(result))

2024-06-14 16:35:02,130:WARNING:/usr/local/lib/python3.10/dist-packages/sklearn/metrics/_classification.py:1509: UndefinedMetricWarning: Precision is ill-defined and being set to 0.0 due to no predicted samples. Use `zero_division` parameter to control this behavior.
  _warn_prf(average, modifier, f"{metric.capitalize()} is", len(result))

2024-06-14 16:35:02,152:INFO:Calculating mean and std
2024-06-14 16:35:02,155:INFO:Creating metrics dataframe
2024-06-14 16:35:02,163:INFO:Uploading results into container
2024-06-14 16:35:02,165:INFO:Uploading model into container now
2024-06-14 16:35:02,167:INFO:_master_model_container: 15
2024-06-14 16:35:02,167:INFO:_display_container: 2
2024-06-14 16:35:02,168:INFO:DummyClassifier(constant=None, random_state=2191, strategy='prior')
2024-06-14 16:35:02,174:INFO:create_model() successfully completed......................................
2024-06-14 16:35:02,412:INFO:SubProcess create_model() end ==================================
2024-06-14 16:35:02,413:INFO:Creating metrics dataframe
2024-06-14 16:35:02,478:INFO:Initializing create_model()
2024-06-14 16:35:02,479:INFO:create_model(self=<pycaret.classification.oop.ClassificationExperiment object at 0x7f74c43d40d0>, estimator=XGBClassifier(base_score=None, booster='gbtree', callbacks=None,
              colsample_bylevel=None, colsample_bynode=None,
              colsample_bytree=None, device='cpu', early_stopping_rounds=None,
              enable_categorical=False, eval_metric=None, feature_types=None,
              gamma=None, grow_policy=None, importance_type=None,
              interaction_constraints=None, learning_rate=None, max_bin=None,
              max_cat_threshold=None, max_cat_to_onehot=None,
              max_delta_step=None, max_depth=None, max_leaves=None,
              min_child_weight=None, missing=nan, monotone_constraints=None,
              multi_strategy=None, n_estimators=None, n_jobs=-1,
              num_parallel_tree=None, objective='binary:logistic', ...), fold=StratifiedKFold(n_splits=10, random_state=None, shuffle=False), round=4, cross_validation=False, predict=False, fit_kwargs={}, groups=None, refit=True, probability_threshold=None, experiment_custom_tags=None, verbose=False, system=False, add_to_model_list=True, metrics=None, display=None, model_only=True, return_train_score=False, error_score=0.0, kwargs={})
2024-06-14 16:35:02,479:INFO:Checking exceptions
2024-06-14 16:35:02,484:INFO:Importing libraries
2024-06-14 16:35:02,484:INFO:Copying training dataset
2024-06-14 16:35:02,603:INFO:Defining folds
2024-06-14 16:35:02,603:INFO:Declaring metric variables
2024-06-14 16:35:02,604:INFO:Importing untrained model
2024-06-14 16:35:02,604:INFO:Declaring custom model
2024-06-14 16:35:02,605:INFO:Extreme Gradient Boosting Imported successfully
2024-06-14 16:35:02,607:INFO:Cross validation set to False
2024-06-14 16:35:02,607:INFO:Fitting Model
2024-06-14 16:35:08,984:INFO:XGBClassifier(base_score=None, booster='gbtree', callbacks=None,
              colsample_bylevel=None, colsample_bynode=None,
              colsample_bytree=None, device='cpu', early_stopping_rounds=None,
              enable_categorical=False, eval_metric=None, feature_types=None,
              gamma=None, grow_policy=None, importance_type=None,
              interaction_constraints=None, learning_rate=None, max_bin=None,
              max_cat_threshold=None, max_cat_to_onehot=None,
              max_delta_step=None, max_depth=None, max_leaves=None,
              min_child_weight=None, missing=nan, monotone_constraints=None,
              multi_strategy=None, n_estimators=None, n_jobs=-1,
              num_parallel_tree=None, objective='binary:logistic', ...)
2024-06-14 16:35:08,984:INFO:create_model() successfully completed......................................
2024-06-14 16:35:09,323:INFO:_master_model_container: 15
2024-06-14 16:35:09,323:INFO:_display_container: 2
2024-06-14 16:35:09,325:INFO:XGBClassifier(base_score=None, booster='gbtree', callbacks=None,
              colsample_bylevel=None, colsample_bynode=None,
              colsample_bytree=None, device='cpu', early_stopping_rounds=None,
              enable_categorical=False, eval_metric=None, feature_types=None,
              gamma=None, grow_policy=None, importance_type=None,
              interaction_constraints=None, learning_rate=None, max_bin=None,
              max_cat_threshold=None, max_cat_to_onehot=None,
              max_delta_step=None, max_depth=None, max_leaves=None,
              min_child_weight=None, missing=nan, monotone_constraints=None,
              multi_strategy=None, n_estimators=None, n_jobs=-1,
              num_parallel_tree=None, objective='binary:logistic', ...)
2024-06-14 16:35:09,325:INFO:compare_models() successfully completed......................................
2024-06-14 16:35:09,348:INFO:Initializing create_model()
2024-06-14 16:35:09,348:INFO:create_model(self=<pycaret.classification.oop.ClassificationExperiment object at 0x7f74c43d40d0>, estimator=lightgbm, fold=None, round=4, cross_validation=True, predict=True, fit_kwargs=None, groups=None, refit=True, probability_threshold=None, experiment_custom_tags=None, verbose=True, system=True, add_to_model_list=True, metrics=None, display=None, model_only=True, return_train_score=False, error_score=0.0, kwargs={})
2024-06-14 16:35:09,348:INFO:Checking exceptions
2024-06-14 16:35:09,414:INFO:Importing libraries
2024-06-14 16:35:09,414:INFO:Copying training dataset
2024-06-14 16:35:09,581:INFO:Defining folds
2024-06-14 16:35:09,581:INFO:Declaring metric variables
2024-06-14 16:35:09,595:INFO:Importing untrained model
2024-06-14 16:35:09,610:INFO:Light Gradient Boosting Machine Imported successfully
2024-06-14 16:35:09,646:INFO:Starting cross validation
2024-06-14 16:35:09,648:INFO:Cross validating with StratifiedKFold(n_splits=10, random_state=None, shuffle=False), n_jobs=-1
2024-06-14 16:37:05,630:INFO:Calculating mean and std
2024-06-14 16:37:05,632:INFO:Creating metrics dataframe
2024-06-14 16:37:05,652:INFO:Finalizing model
2024-06-14 16:37:06,184:INFO:[LightGBM] [Info] Number of positive: 22314, number of negative: 79508
2024-06-14 16:37:06,215:INFO:[LightGBM] [Info] Auto-choosing row-wise multi-threading, the overhead of testing was 0.010485 seconds.
2024-06-14 16:37:06,215:INFO:You can set `force_row_wise=true` to remove the overhead.
2024-06-14 16:37:06,215:INFO:And if memory is not enough, you can set `force_col_wise=true`.
2024-06-14 16:37:06,215:INFO:[LightGBM] [Info] Total Bins 2686
2024-06-14 16:37:06,216:INFO:[LightGBM] [Info] Number of data points in the train set: 101822, number of used features: 23
2024-06-14 16:37:06,218:INFO:[LightGBM] [Info] [binary:BoostFromScore]: pavg=0.219147 -> initscore=-1.270643
2024-06-14 16:37:06,218:INFO:[LightGBM] [Info] Start training from score -1.270643
2024-06-14 16:37:08,389:INFO:Uploading results into container
2024-06-14 16:37:08,391:INFO:Uploading model into container now
2024-06-14 16:37:08,420:INFO:_master_model_container: 16
2024-06-14 16:37:08,420:INFO:_display_container: 3
2024-06-14 16:37:08,421:INFO:LGBMClassifier(boosting_type='gbdt', class_weight=None, colsample_bytree=1.0,
               importance_type='split', learning_rate=0.1, max_depth=-1,
               min_child_samples=20, min_child_weight=0.001, min_split_gain=0.0,
               n_estimators=100, n_jobs=-1, num_leaves=31, objective=None,
               random_state=2191, reg_alpha=0.0, reg_lambda=0.0, subsample=1.0,
               subsample_for_bin=200000, subsample_freq=0)
2024-06-14 16:37:08,422:INFO:create_model() successfully completed......................................
2024-06-14 16:37:08,659:INFO:Initializing predict_model()
2024-06-14 16:37:08,659:INFO:predict_model(self=<pycaret.classification.oop.ClassificationExperiment object at 0x7f74c43d40d0>, estimator=LGBMClassifier(boosting_type='gbdt', class_weight=None, colsample_bytree=1.0,
               importance_type='split', learning_rate=0.1, max_depth=-1,
               min_child_samples=20, min_child_weight=0.001, min_split_gain=0.0,
               n_estimators=100, n_jobs=-1, num_leaves=31, objective=None,
               random_state=2191, reg_alpha=0.0, reg_lambda=0.0, subsample=1.0,
               subsample_for_bin=200000, subsample_freq=0), probability_threshold=None, encoded_labels=False, raw_score=False, round=4, verbose=True, ml_usecase=None, preprocess=True, encode_labels=<function _SupervisedExperiment.predict_model.<locals>.encode_labels at 0x7f74c453f400>)
2024-06-14 16:37:08,659:INFO:Checking exceptions
2024-06-14 16:37:08,659:INFO:Preloading libraries
2024-06-14 16:37:08,665:INFO:Set up data.
2024-06-14 16:37:08,692:INFO:Set up index.
